

2021-04-01 11:05:57,545 - root - INFO - ***************************** Test_001_Login *****************************
2021-04-01 11:05:57,545 - root - INFO - ************************** Verifying Home Page Title **********************
2021-04-01 11:06:12,686 - root - INFO - ************************** Home page title test is passed **********************
2021-04-01 11:06:18,009 - root - INFO - ************************** Verifying Login test **********************
2021-04-01 11:06:49,417 - root - INFO - ************************** Login test is passed **********************
2021-04-01 17:10:15,747 - root - INFO - ************************** Test_002_DDT_Login ***********************
2021-04-01 17:10:15,789 - root - INFO - ************************** Verifying Login DDT test **********************
2021-04-01 17:10:47,499 - root - INFO - *** Passed ***
2021-04-01 17:10:57,696 - root - INFO - *** Passed ***
2021-04-01 17:11:04,162 - root - INFO - *** Passed ***
2021-04-01 17:15:07,196 - root - INFO - ************************** Test_002_DDT_Login ***********************
2021-04-01 17:15:07,196 - root - INFO - ************************** Verifying Login DDT test **********************
2021-04-01 17:15:24,785 - root - INFO - *** Passed ***
2021-04-01 17:15:34,903 - root - INFO - *** Passed ***
2021-04-01 17:15:40,727 - root - INFO - *** Passed ***
2021-04-01 17:43:45,754 - root - INFO - ************************** Test_002_DDT_Login ***********************
2021-04-01 17:43:45,783 - root - INFO - ************************** Verifying Login DDT test **********************
2021-04-01 17:44:17,780 - root - INFO - *** Passed ***
2021-04-01 17:44:29,931 - root - INFO - *** Passed ***
2021-04-01 17:51:23,029 - root - INFO - ************************** Test_002_DDT_Login ***********************
2021-04-01 17:51:23,062 - root - INFO - ************************** Verifying Login DDT test **********************
2021-04-01 17:52:14,499 - root - INFO - *** Passed ***
2021-04-01 17:52:25,782 - root - INFO - *** Passed ***
2021-04-01 17:52:32,979 - root - INFO - *** Passed ***
2021-04-01 18:17:54,187 - root - INFO - ************************** Test_002_DDT_Login ***********************
2021-04-01 18:17:54,221 - root - INFO - ************************** Verifying Login DDT test **********************
2021-04-01 18:18:22,838 - root - INFO - *** Passed ***
2021-04-01 18:18:33,171 - root - INFO - *** Passed ***
2021-04-01 18:18:39,961 - root - INFO - *** Passed ***
2021-04-01 18:39:07,885 - root - INFO - ************************** Test_002_DDT_Login ***********************
2021-04-01 18:39:08,011 - root - INFO - ************************** Verifying Login DDT test **********************
2021-04-01 18:40:05,377 - root - INFO - *** Passed ***
2021-04-01 18:40:18,667 - root - INFO - *** Passed ***
2021-04-01 18:40:25,817 - root - INFO - *** Passed ***
2021-04-02 16:58:26,452 - root - INFO - ************************ Test_003_AddCustomer ************************
2021-04-02 16:58:56,898 - root - INFO - ************************ Login Successful ************************
2021-04-02 16:58:56,898 - root - INFO - ************************ Starting Add Customer Test ************************
2021-04-02 17:04:50,186 - root - INFO - ************************ Test_003_AddCustomer ************************
2021-04-02 17:05:04,914 - root - INFO - ************************ Login Successful ************************
2021-04-02 17:05:04,914 - root - INFO - ************************ Starting Add Customer Test ************************
2021-04-02 17:18:58,314 - root - INFO - ************************ Test_003_AddCustomer ************************
2021-04-02 17:19:19,068 - root - INFO - ************************ Login Successful ************************
2021-04-02 17:19:19,068 - root - INFO - ************************ Starting Add Customer Test ************************
2021-04-02 17:19:27,771 - root - INFO - ************************ Providing customer info ************************
2021-04-02 17:19:45,278 - root - INFO - ************************ Saving customer info ************************
2021-04-02 17:19:45,318 - root - INFO - ************************ Add customer validation started ************************
2021-04-02 17:19:45,958 - root - INFO - ************************ Add customer Test Passed ************************
2021-04-02 17:19:50,196 - root - INFO - **************** Ending Test_003_AddCustomer Test*********************
2021-04-02 19:24:25,779 - root - INFO - ************************ Test_003_AddCustomer ************************
2021-04-02 19:24:47,948 - root - INFO - ************************ Login Successful ************************
2021-04-02 19:24:47,948 - root - INFO - ************************ Starting Add Customer Test ************************
2021-04-02 19:24:58,700 - root - INFO - ************************ Providing customer info ************************
2021-04-02 19:25:24,524 - root - INFO - ************************ Saving customer info ************************
2021-04-02 19:25:24,524 - root - INFO - ************************ Add customer validation started ************************
2021-04-02 19:25:27,372 - root - INFO - ************************ Add customer Test Passed ************************
2021-04-02 19:25:39,733 - root - INFO - **************** Ending Test_003_AddCustomer Test*********************
2021-04-02 19:27:08,870 - root - INFO - ************* SearchCustomerByEmail_004 ***************
2021-04-02 19:27:27,414 - root - INFO - ************** Login Successful ***************
2021-04-02 19:27:27,414 - root - INFO - *************** Starting Search Customer By Email ***************
2021-04-02 19:27:34,357 - root - INFO - ******************** searching customer by emailID *******************
2021-04-02 19:33:01,603 - root - INFO - ************* SearchCustomerByEmail_004 ***************
2021-04-02 19:33:22,143 - root - INFO - ************** Login Successful ***************
2021-04-02 19:33:22,143 - root - INFO - *************** Starting Search Customer By Email ***************
2021-04-02 19:33:25,266 - root - INFO - ******************** searching customer by emailID *******************
2021-04-02 19:39:31,556 - root - INFO - ************* SearchCustomerByEmail_004 ***************
2021-04-02 19:39:47,200 - root - INFO - ************** Login Successful ***************
2021-04-02 19:39:47,200 - root - INFO - *************** Starting Search Customer By Email ***************
2021-04-02 19:39:49,840 - root - INFO - ******************** searching customer by emailID *******************
2021-04-03 10:14:37,969 - root - INFO - ************************ Test_003_AddCustomer ************************
2021-04-03 10:14:37,969 - root - INFO - ************************ Test_003_AddCustomer ************************
2021-04-03 10:14:37,969 - root - INFO - ************************ Test_003_AddCustomer ************************
2021-04-03 10:14:37,969 - root - INFO - ************************ Test_003_AddCustomer ************************
2021-04-03 10:14:37,969 - root - INFO - ************************ Test_003_AddCustomer ************************
2021-04-03 10:18:10,808 - root - INFO - ************************ Test_003_AddCustomer ************************
2021-04-03 10:18:10,808 - root - INFO - ************************ Test_003_AddCustomer ************************
2021-04-03 10:18:10,808 - root - INFO - ************************ Test_003_AddCustomer ************************
2021-04-03 10:18:10,808 - root - INFO - ************************ Test_003_AddCustomer ************************
2021-04-03 10:18:10,808 - root - INFO - ************************ Test_003_AddCustomer ************************
2021-04-03 10:18:29,233 - root - INFO - ************************ Login Successful ************************
2021-04-03 10:18:29,233 - root - INFO - ************************ Login Successful ************************
2021-04-03 10:18:29,233 - root - INFO - ************************ Login Successful ************************
2021-04-03 10:18:29,233 - root - INFO - ************************ Login Successful ************************
2021-04-03 10:18:29,233 - root - INFO - ************************ Login Successful ************************
2021-04-03 10:18:29,234 - root - INFO - ************************ Starting Add Customer Test ************************
2021-04-03 10:18:29,234 - root - INFO - ************************ Starting Add Customer Test ************************
2021-04-03 10:18:29,234 - root - INFO - ************************ Starting Add Customer Test ************************
2021-04-03 10:18:29,234 - root - INFO - ************************ Starting Add Customer Test ************************
2021-04-03 10:18:29,234 - root - INFO - ************************ Starting Add Customer Test ************************
2021-04-03 10:18:36,548 - root - INFO - ************************ Providing customer info ************************
2021-04-03 10:18:36,548 - root - INFO - ************************ Providing customer info ************************
2021-04-03 10:18:36,548 - root - INFO - ************************ Providing customer info ************************
2021-04-03 10:18:36,548 - root - INFO - ************************ Providing customer info ************************
2021-04-03 10:18:36,548 - root - INFO - ************************ Providing customer info ************************
2021-04-03 10:18:50,038 - root - INFO - ************************ Saving customer info ************************
2021-04-03 10:18:50,038 - root - INFO - ************************ Saving customer info ************************
2021-04-03 10:18:50,038 - root - INFO - ************************ Saving customer info ************************
2021-04-03 10:18:50,038 - root - INFO - ************************ Saving customer info ************************
2021-04-03 10:18:50,038 - root - INFO - ************************ Saving customer info ************************
2021-04-03 10:18:50,038 - root - INFO - ************************ Add customer validation started ************************
2021-04-03 10:18:50,038 - root - INFO - ************************ Add customer validation started ************************
2021-04-03 10:18:50,038 - root - INFO - ************************ Add customer validation started ************************
2021-04-03 10:18:50,038 - root - INFO - ************************ Add customer validation started ************************
2021-04-03 10:18:50,038 - root - INFO - ************************ Add customer validation started ************************
2021-04-03 10:18:50,849 - root - INFO - ************************ Add customer Test Passed ************************
2021-04-03 10:18:50,849 - root - INFO - ************************ Add customer Test Passed ************************
2021-04-03 10:18:50,849 - root - INFO - ************************ Add customer Test Passed ************************
2021-04-03 10:18:50,849 - root - INFO - ************************ Add customer Test Passed ************************
2021-04-03 10:18:50,849 - root - INFO - ************************ Add customer Test Passed ************************
2021-04-03 10:18:52,271 - root - INFO - **************** Ending Test_003_AddCustomer Test*********************
2021-04-03 10:18:52,271 - root - INFO - **************** Ending Test_003_AddCustomer Test*********************
2021-04-03 10:18:52,271 - root - INFO - **************** Ending Test_003_AddCustomer Test*********************
2021-04-03 10:18:52,271 - root - INFO - **************** Ending Test_003_AddCustomer Test*********************
2021-04-03 10:18:52,271 - root - INFO - **************** Ending Test_003_AddCustomer Test*********************
2021-04-03 10:18:57,287 - root - INFO - ************************** Verifying Login test **********************
2021-04-03 10:18:57,287 - root - INFO - ************************** Verifying Login test **********************
2021-04-03 10:18:57,287 - root - INFO - ************************** Verifying Login test **********************
2021-04-03 10:18:57,287 - root - INFO - ************************** Verifying Login test **********************
2021-04-03 10:18:57,287 - root - INFO - ************************** Verifying Login test **********************
2021-04-03 10:19:06,774 - root - INFO - ************************** Login test is passed **********************
2021-04-03 10:19:06,774 - root - INFO - ************************** Login test is passed **********************
2021-04-03 10:19:06,774 - root - INFO - ************************** Login test is passed **********************
2021-04-03 10:19:06,774 - root - INFO - ************************** Login test is passed **********************
2021-04-03 10:19:06,774 - root - INFO - ************************** Login test is passed **********************
